#-----------------------------------------------------------
# Vivado v2019.2 (64-bit)
# SW Build 2708876 on Wed Nov  6 21:40:23 MST 2019
# IP Build 2700528 on Thu Nov  7 00:09:20 MST 2019
# Start of session at: Tue Feb 18 17:07:01 2020
# Process ID: 9020
# Current directory: C:/Users/19514/Desktop/Project_Lab_1/rover_motor
# Command line: vivado.exe -gui_launcher_event rodinguilauncherevent11092 C:\Users\19514\Desktop\Project_Lab_1\rover_motor\rover_motor.xpr
# Log file: C:/Users/19514/Desktop/Project_Lab_1/rover_motor/vivado.log
# Journal file: C:/Users/19514/Desktop/Project_Lab_1/rover_motor\vivado.jou
#-----------------------------------------------------------
start_gui
open_project C:/Users/19514/Desktop/Project_Lab_1/rover_motor/rover_motor.xpr
Scanning sources...
Finished scanning sources
INFO: [IP_Flow 19-234] Refreshing IP repositories
INFO: [IP_Flow 19-1704] No user IP repositories specified
INFO: [IP_Flow 19-2313] Loaded Vivado IP repository 'C:/Xilinx/Vivado/2019.2/data/ip'.
open_project: Time (s): cpu = 00:00:10 ; elapsed = 00:00:06 . Memory (MB): peak = 839.098 ; gain = 187.316
update_compile_order -fileset sources_1
exit
INFO: [Common 17-206] Exiting Vivado at Tue Feb 18 17:25:38 2020...
