#-----------------------------------------------------------
# Vivado v2019.2 (64-bit)
# SW Build 2708876 on Wed Nov  6 21:40:23 MST 2019
# IP Build 2700528 on Thu Nov  7 00:09:20 MST 2019
# Start of session at: Thu Feb 20 20:08:35 2020
# Process ID: 8576
# Current directory: C:/Users/19514/Desktop/Project_Lab_1/rover_motor
# Command line: vivado.exe -gui_launcher_event rodinguilauncherevent23324 C:\Users\19514\Desktop\Project_Lab_1\rover_motor\rover_motor.xpr
# Log file: C:/Users/19514/Desktop/Project_Lab_1/rover_motor/vivado.log
# Journal file: C:/Users/19514/Desktop/Project_Lab_1/rover_motor\vivado.jou
#-----------------------------------------------------------
start_gui
open_project C:/Users/19514/Desktop/Project_Lab_1/rover_motor/rover_motor.xpr
CRITICAL WARNING: [Project 1-19] Could not find the file 'C:/Users/19514/Desktop/Project_Lab_1/rover_motor/rover_motor.srcs/sources_1/new/movement.v'.
Scanning sources...
Finished scanning sources
INFO: [IP_Flow 19-234] Refreshing IP repositories
INFO: [IP_Flow 19-1704] No user IP repositories specified
INFO: [IP_Flow 19-2313] Loaded Vivado IP repository 'C:/Xilinx/Vivado/2019.2/data/ip'.
open_project: Time (s): cpu = 00:00:33 ; elapsed = 00:00:14 . Memory (MB): peak = 882.176 ; gain = 199.750
update_compile_order -fileset sources_1
export_ip_user_files -of_objects  [get_files C:/Users/19514/Desktop/Project_Lab_1/rover_motor/rover_motor.srcs/sources_1/new/movement.v] -no_script -reset -force -quiet
remove_files  C:/Users/19514/Desktop/Project_Lab_1/rover_motor/rover_motor.srcs/sources_1/new/movement.v
exit
INFO: [Common 17-206] Exiting Vivado at Thu Feb 20 20:09:59 2020...
